[debug] [2026-05-16T16:46:15.998Z] ----------------------------------------------------------------------
[debug] [2026-05-16T16:46:16.003Z] Command:       C:\Program Files\nodejs\node.exe C:\Users\HP\AppData\Roaming\npm\node_modules\firebase-tools\lib\bin\firebase.js init
[debug] [2026-05-16T16:46:16.004Z] CLI Version:   15.7.0
[debug] [2026-05-16T16:46:16.004Z] Platform:      win32
[debug] [2026-05-16T16:46:16.004Z] Node Version:  v22.22.2
[debug] [2026-05-16T16:46:16.005Z] Time:          Sat May 16 2026 22:46:16 GMT+0600 (Bangladesh Standard Time)
[debug] [2026-05-16T16:46:16.005Z] ----------------------------------------------------------------------
[debug] 
[debug] [2026-05-16T16:46:16.010Z] >>> [apiv2][query] GET https://firebase-public.firebaseio.com/cli.json [none]
[info] 
     ######## #### ########  ######## ########     ###     ######  ########
     ##        ##  ##     ## ##       ##     ##  ##   ##  ##       ##
     ######    ##  ########  ######   ########  #########  ######  ######
     ##        ##  ##    ##  ##       ##     ## ##     ##       ## ##
     ##       #### ##     ## ######## ########  ##     ##  ######  ########

You're about to initialize a Firebase project in this directory:

  E:\Project-2026\Next-js\zap-shift-web

[debug] [2026-05-16T16:46:20.571Z] <<< [apiv2][status] GET https://firebase-public.firebaseio.com/cli.json 200
[debug] [2026-05-16T16:46:20.572Z] <<< [apiv2][body] GET https://firebase-public.firebaseio.com/cli.json {"cloudBuildErrorAfter":1594252800000,"cloudBuildWarnAfter":1590019200000,"defaultNode10After":1594252800000,"minVersion":"3.0.5","node8DeploysDisabledAfter":1613390400000,"node8RuntimeDisabledAfter":1615809600000,"node8WarnAfter":1600128000000}
[info] 
=== Project Setup
[info] 
[info] First, let's associate this project directory with a Firebase project.
[info] You can create multiple project aliases by running firebase use --add, 
[info] 
[debug] [2026-05-16T16:46:33.625Z] > command requires scopes: ["email","openid","https://www.googleapis.com/auth/cloudplatformprojects.readonly","https://www.googleapis.com/auth/firebase","https://www.googleapis.com/auth/cloud-platform"]
[debug] [2026-05-16T16:46:33.625Z] > authorizing via signed-in user (xunaiet28@gmail.com)
[debug] [2026-05-16T16:46:33.627Z] Checked if tokens are valid: false, expires at: 1777811988627
[debug] [2026-05-16T16:46:33.627Z] Checked if tokens are valid: false, expires at: 1777811988627
[debug] [2026-05-16T16:46:33.627Z] > refreshing access token with scopes: []
[debug] [2026-05-16T16:46:33.629Z] >>> [apiv2][query] POST https://www.googleapis.com/oauth2/v3/token [none]
[debug] [2026-05-16T16:46:33.629Z] >>> [apiv2][body] POST https://www.googleapis.com/oauth2/v3/token [omitted]
[debug] [2026-05-16T16:46:33.970Z] <<< [apiv2][status] POST https://www.googleapis.com/oauth2/v3/token 200
[debug] [2026-05-16T16:46:33.970Z] <<< [apiv2][body] POST https://www.googleapis.com/oauth2/v3/token [omitted]
[debug] [2026-05-16T16:46:33.988Z] >>> [apiv2][query] GET https://firebase.googleapis.com/v1beta1/projects pageSize=100
[debug] [2026-05-16T16:46:35.437Z] <<< [apiv2][status] GET https://firebase.googleapis.com/v1beta1/projects 200
[debug] [2026-05-16T16:46:35.438Z] <<< [apiv2][body] GET https://firebase.googleapis.com/v1beta1/projects [omitted]
[info] i  Don't want to scroll through all your projects? If you know your project ID, you can initialize it directly using firebase init --project <project_id>.
 
[info] 
=== Hosting Setup
[debug] [2026-05-16T16:47:42.437Z] Checked if tokens are valid: true, expires at: 1778953592970
[debug] [2026-05-16T16:47:42.437Z] Checked if tokens are valid: true, expires at: 1778953592970
[debug] [2026-05-16T16:47:42.437Z] >>> [apiv2][query] GET https://firebase.googleapis.com/v1beta1/projects/zap-shift-6ffc1 [none]
[debug] [2026-05-16T16:47:43.204Z] <<< [apiv2][status] GET https://firebase.googleapis.com/v1beta1/projects/zap-shift-6ffc1 200
[debug] [2026-05-16T16:47:43.205Z] <<< [apiv2][body] GET https://firebase.googleapis.com/v1beta1/projects/zap-shift-6ffc1 {"projectId":"zap-shift-6ffc1","projectNumber":"641409080291","displayName":"Zap-shift","name":"projects/zap-shift-6ffc1","resources":{"hostingSite":"zap-shift-6ffc1"},"state":"ACTIVE","etag":"1_c1386dc6-5347-496d-b07d-4c920eb5b52d"}
[info] 
[info] Your public directory is the folder (relative to your project directory) that
[info] will contain Hosting assets to be uploaded with firebase deploy. If you
[info] have a build process for your assets, use your build's output directory.
[info] 
[debug] [2026-05-16T16:49:31.727Z] ExitPromptError: User force closed the prompt with SIGINT
    at Interface.sigint (C:\Users\HP\AppData\Roaming\npm\node_modules\firebase-tools\node_modules\@inquirer\core\dist\commonjs\lib\create-prompt.js:101:37)
    at Interface.emit (node:events:519:28)
    at [_ttyWrite] [as _ttyWrite] (node:internal/readline/interface:1144:18)
    at ReadStream.onkeypress (node:internal/readline/interface:271:20)
    at ReadStream.emit (node:events:531:35)
    at emitKeys (node:internal/readline/utils:370:14)
    at emitKeys.next (<anonymous>)
    at ReadStream.onData (node:internal/readline/emitKeypressEvents:64:36)
    at ReadStream.emit (node:events:519:28)
    at addChunk (node:internal/streams/readable:561:12)
[error] 
[error] Error: An unexpected error has occurred.
